[2022-05-10 09:39:59,909] multiqc                                            [DEBUG  ]  No MultiQC config found: /home/tfm20212-01/work/conda/nf-core-smrnaseq-1.1.0-f6c2597d5709083f0a5f98235a2d2650/lib/python3.7/site-packages/multiqc_config.yaml
[2022-05-10 09:39:59,909] multiqc                                            [DEBUG  ]  No MultiQC config found: /home/tfm20212-01/.multiqc_config.yaml
[2022-05-10 09:39:59,910] multiqc                                            [DEBUG  ]  Loading config settings from: multiqc_config.yaml
[2022-05-10 09:39:59,911] multiqc                                            [DEBUG  ]  New config 'report_comment': This report has been generated by the <a href="https://github.com/nf-core/smrnaseq" target="_blank">nf-core/smrnaseq</a> analysis pipeline. For information about how to interpret these results, please see the <a href="https://github.com/nf-core/smrnaseq" target="_blank">documentation</a>.

[2022-05-10 09:39:59,911] multiqc                                            [DEBUG  ]  New config 'report_section_order': {'software_versions': {'order': -1000}, 'nf-core-smrnaseq-summary': {'order': -1001}}
[2022-05-10 09:39:59,911] multiqc                                            [DEBUG  ]  New config 'export_plots': True
[2022-05-10 09:39:59,911] multiqc                                            [DEBUG  ]  Command used: /home/tfm20212-01/work/conda/nf-core-smrnaseq-1.1.0-f6c2597d5709083f0a5f98235a2d2650/bin/multiqc . -f -m bowtie1 -m samtools -m cutadapt -m fastqc -m custom_content
[2022-05-10 09:40:19,934] multiqc                                            [DEBUG  ]  Could not connect to multiqc.info for version check: <urlopen error [Errno -3] Temporary failure in name resolution>
[2022-05-10 09:40:19,934] multiqc                                            [INFO   ]  This is MultiQC v1.10.1
[2022-05-10 09:40:19,934] multiqc                                            [DEBUG  ]  Command     : /home/tfm20212-01/work/conda/nf-core-smrnaseq-1.1.0-f6c2597d5709083f0a5f98235a2d2650/bin/multiqc . -f -m bowtie1 -m samtools -m cutadapt -m fastqc -m custom_content
[2022-05-10 09:40:19,934] multiqc                                            [DEBUG  ]  Working dir : /home/tfm20212-01/work/6a/bbe32ac4aa9de1d673f2b6a65d936f
[2022-05-10 09:40:19,934] multiqc                                            [INFO   ]  Template    : default
[2022-05-10 09:40:19,934] multiqc                                            [DEBUG  ]  Running Python 3.7.3 | packaged by conda-forge | (default, Dec  6 2019, 08:54:18)  [GCC 7.3.0]
[2022-05-10 09:40:19,934] multiqc                                            [INFO   ]  Searching   : /home/tfm20212-01/work/6a/bbe32ac4aa9de1d673f2b6a65d936f
[2022-05-10 09:40:19,935] multiqc                                            [INFO   ]  Only using modules bowtie1, samtools, cutadapt, fastqc, custom_content
[2022-05-10 09:40:19,935] multiqc                                            [DEBUG  ]  Analysing modules: custom_content, samtools, bowtie1, cutadapt, fastqc
[2022-05-10 09:40:19,935] multiqc                                            [DEBUG  ]  Using temporary directory for creating report: /tmp/tmp_f1mlkwa
[2022-05-10 09:40:20,167] multiqc                                            [DEBUG  ]  Ignored 241 search patterns as didn't match running modules.
[2022-05-10 09:40:20,182] multiqc                                            [DEBUG  ]  Ignoring file as matched an ignore pattern: mirtrace-report.html
[2022-05-10 09:40:21,645] multiqc.plots.bargraph                             [DEBUG  ]  Using matplotlib version 3.5.2
[2022-05-10 09:40:21,646] multiqc.plots.linegraph                            [DEBUG  ]  Using matplotlib version 3.5.2
[2022-05-10 09:40:21,664] multiqc.modules.custom_content.custom_content      [INFO   ]  nf-core-smrnaseq-summary: Found 1 sample (html)
[2022-05-10 09:40:21,664] multiqc.modules.custom_content.custom_content      [INFO   ]  software_versions: Found 1 sample (html)
[2022-05-10 09:40:23,269] multiqc.modules.samtools.samtools                  [INFO   ]  Found 18 stats reports
[2022-05-10 09:40:23,278] multiqc.modules.samtools.samtools                  [INFO   ]  Found 18 flagstat reports
[2022-05-10 09:40:23,283] multiqc                                            [DEBUG  ]  No samples found: bowtie1
[2022-05-10 09:40:23,296] multiqc.modules.cutadapt.cutadapt                  [INFO   ]  Found 6 reports
[2022-05-10 09:40:26,016] multiqc.modules.fastqc.fastqc                      [INFO   ]  Found 6 reports
[2022-05-10 09:40:33,087] multiqc                                            [DEBUG  ]  Reordering sections: anchor 'software_versions' not found for module 'Samtools'.
[2022-05-10 09:40:33,087] multiqc                                            [DEBUG  ]  Reordering sections: anchor 'nf-core-smrnaseq-summary' not found for module 'Samtools'.
[2022-05-10 09:40:33,087] multiqc                                            [DEBUG  ]  Reordering sections: anchor 'software_versions' not found for module 'Cutadapt'.
[2022-05-10 09:40:33,087] multiqc                                            [DEBUG  ]  Reordering sections: anchor 'nf-core-smrnaseq-summary' not found for module 'Cutadapt'.
[2022-05-10 09:40:33,087] multiqc                                            [DEBUG  ]  Reordering sections: anchor 'software_versions' not found for module 'FastQC'.
[2022-05-10 09:40:33,087] multiqc                                            [DEBUG  ]  Reordering sections: anchor 'nf-core-smrnaseq-summary' not found for module 'FastQC'.
[2022-05-10 09:40:33,087] multiqc                                            [DEBUG  ]  Reordering sections: anchor 'software_versions' not found for module 'nf-core/smrnaseq Software Versions'.
[2022-05-10 09:40:33,087] multiqc                                            [DEBUG  ]  Reordering sections: anchor 'nf-core-smrnaseq-summary' not found for module 'nf-core/smrnaseq Software Versions'.
[2022-05-10 09:40:33,087] multiqc                                            [DEBUG  ]  Reordering sections: anchor 'software_versions' not found for module 'nf-core/smrnaseq Workflow Summary'.
[2022-05-10 09:40:33,087] multiqc                                            [DEBUG  ]  Reordering sections: anchor 'nf-core-smrnaseq-summary' not found for module 'nf-core/smrnaseq Workflow Summary'.
[2022-05-10 09:40:33,130] multiqc                                            [INFO   ]  Compressing plot data
[2022-05-10 09:40:33,270] multiqc                                            [INFO   ]  Report      : multiqc_report.html
[2022-05-10 09:40:33,270] multiqc                                            [INFO   ]  Data        : multiqc_data
[2022-05-10 09:40:33,270] multiqc                                            [DEBUG  ]  Moving data file from '/tmp/tmp_f1mlkwa/multiqc_data' to '/home/tfm20212-01/work/6a/bbe32ac4aa9de1d673f2b6a65d936f/multiqc_data'
[2022-05-10 09:40:33,363] multiqc                                            [INFO   ]  Plots       : multiqc_plots
[2022-05-10 09:40:33,363] multiqc                                            [DEBUG  ]  Moving plots directory from '/tmp/tmp_f1mlkwa/multiqc_plots' to '/home/tfm20212-01/work/6a/bbe32ac4aa9de1d673f2b6a65d936f/multiqc_plots'
[2022-05-10 09:40:33,454] multiqc                                            [INFO   ]  MultiQC complete
