                                 Started job on |	Apr 28 19:37:12
                             Started mapping on |	Apr 28 19:37:50
                                    Finished on |	Apr 28 19:42:21
       Mapping speed, Million of reads per hour |	276.03

                          Number of input reads |	20779213
                      Average input read length |	28
                                    UNIQUE READS:
                   Uniquely mapped reads number |	11439149
                        Uniquely mapped reads % |	55.05%
                          Average mapped length |	26.02
                       Number of splices: Total |	0
            Number of splices: Annotated (sjdb) |	0
                       Number of splices: GT/AG |	0
                       Number of splices: GC/AG |	0
                       Number of splices: AT/AC |	0
               Number of splices: Non-canonical |	0
                      Mismatch rate per base, % |	0.08%
                         Deletion rate per base |	0.00%
                        Deletion average length |	1.00
                        Insertion rate per base |	0.00%
                       Insertion average length |	1.03
                             MULTI-MAPPING READS:
        Number of reads mapped to multiple loci |	7558106
             % of reads mapped to multiple loci |	36.37%
        Number of reads mapped to too many loci |	0
             % of reads mapped to too many loci |	0.00%
                                  UNMAPPED READS:
       % of reads unmapped: too many mismatches |	0.00%
                 % of reads unmapped: too short |	8.30%
                     % of reads unmapped: other |	0.27%
                                  CHIMERIC READS:
                       Number of chimeric reads |	0
                            % of chimeric reads |	0.00%
