                                 Started job on |	Apr 28 19:47:12
                             Started mapping on |	Apr 28 19:47:34
                                    Finished on |	Apr 28 19:51:15
       Mapping speed, Million of reads per hour |	328.52

                          Number of input reads |	20167472
                      Average input read length |	30
                                    UNIQUE READS:
                   Uniquely mapped reads number |	5558061
                        Uniquely mapped reads % |	27.56%
                          Average mapped length |	26.00
                       Number of splices: Total |	0
            Number of splices: Annotated (sjdb) |	0
                       Number of splices: GT/AG |	0
                       Number of splices: GC/AG |	0
                       Number of splices: AT/AC |	0
               Number of splices: Non-canonical |	0
                      Mismatch rate per base, % |	0.12%
                         Deletion rate per base |	0.00%
                        Deletion average length |	1.00
                        Insertion rate per base |	0.00%
                       Insertion average length |	1.04
                             MULTI-MAPPING READS:
        Number of reads mapped to multiple loci |	13683405
             % of reads mapped to multiple loci |	67.85%
        Number of reads mapped to too many loci |	0
             % of reads mapped to too many loci |	0.00%
                                  UNMAPPED READS:
       % of reads unmapped: too many mismatches |	0.00%
                 % of reads unmapped: too short |	4.48%
                     % of reads unmapped: other |	0.11%
                                  CHIMERIC READS:
                       Number of chimeric reads |	0
                            % of chimeric reads |	0.00%
