                                 Started job on |	Apr 28 19:42:22
                             Started mapping on |	Apr 28 19:42:57
                                    Finished on |	Apr 28 19:47:12
       Mapping speed, Million of reads per hour |	253.72

                          Number of input reads |	17971780
                      Average input read length |	28
                                    UNIQUE READS:
                   Uniquely mapped reads number |	11125510
                        Uniquely mapped reads % |	61.91%
                          Average mapped length |	25.89
                       Number of splices: Total |	0
            Number of splices: Annotated (sjdb) |	0
                       Number of splices: GT/AG |	0
                       Number of splices: GC/AG |	0
                       Number of splices: AT/AC |	0
               Number of splices: Non-canonical |	0
                      Mismatch rate per base, % |	0.06%
                         Deletion rate per base |	0.00%
                        Deletion average length |	1.00
                        Insertion rate per base |	0.00%
                       Insertion average length |	1.03
                             MULTI-MAPPING READS:
        Number of reads mapped to multiple loci |	5625506
             % of reads mapped to multiple loci |	31.30%
        Number of reads mapped to too many loci |	0
             % of reads mapped to too many loci |	0.00%
                                  UNMAPPED READS:
       % of reads unmapped: too many mismatches |	0.00%
                 % of reads unmapped: too short |	6.46%
                     % of reads unmapped: other |	0.33%
                                  CHIMERIC READS:
                       Number of chimeric reads |	0
                            % of chimeric reads |	0.00%
