                                 Started job on |	Apr 28 19:56:59
                             Started mapping on |	Apr 28 19:57:20
                                    Finished on |	Apr 28 20:03:27
       Mapping speed, Million of reads per hour |	281.75

                          Number of input reads |	28723260
                      Average input read length |	37
                                    UNIQUE READS:
                   Uniquely mapped reads number |	18031315
                        Uniquely mapped reads % |	62.78%
                          Average mapped length |	36.01
                       Number of splices: Total |	0
            Number of splices: Annotated (sjdb) |	0
                       Number of splices: GT/AG |	0
                       Number of splices: GC/AG |	0
                       Number of splices: AT/AC |	0
               Number of splices: Non-canonical |	0
                      Mismatch rate per base, % |	0.05%
                         Deletion rate per base |	0.00%
                        Deletion average length |	1.00
                        Insertion rate per base |	0.00%
                       Insertion average length |	1.04
                             MULTI-MAPPING READS:
        Number of reads mapped to multiple loci |	8839093
             % of reads mapped to multiple loci |	30.77%
        Number of reads mapped to too many loci |	0
             % of reads mapped to too many loci |	0.00%
                                  UNMAPPED READS:
       % of reads unmapped: too many mismatches |	0.00%
                 % of reads unmapped: too short |	6.27%
                     % of reads unmapped: other |	0.18%
                                  CHIMERIC READS:
                       Number of chimeric reads |	0
                            % of chimeric reads |	0.00%
