                                 Started job on |	Apr 28 20:03:27
                             Started mapping on |	Apr 28 20:03:51
                                    Finished on |	Apr 28 20:11:03
       Mapping speed, Million of reads per hour |	285.68

                          Number of input reads |	34281857
                      Average input read length |	36
                                    UNIQUE READS:
                   Uniquely mapped reads number |	22665167
                        Uniquely mapped reads % |	66.11%
                          Average mapped length |	35.49
                       Number of splices: Total |	0
            Number of splices: Annotated (sjdb) |	0
                       Number of splices: GT/AG |	0
                       Number of splices: GC/AG |	0
                       Number of splices: AT/AC |	0
               Number of splices: Non-canonical |	0
                      Mismatch rate per base, % |	0.04%
                         Deletion rate per base |	0.00%
                        Deletion average length |	1.00
                        Insertion rate per base |	0.00%
                       Insertion average length |	1.04
                             MULTI-MAPPING READS:
        Number of reads mapped to multiple loci |	10019907
             % of reads mapped to multiple loci |	29.23%
        Number of reads mapped to too many loci |	0
             % of reads mapped to too many loci |	0.00%
                                  UNMAPPED READS:
       % of reads unmapped: too many mismatches |	0.00%
                 % of reads unmapped: too short |	4.45%
                     % of reads unmapped: other |	0.20%
                                  CHIMERIC READS:
                       Number of chimeric reads |	0
                            % of chimeric reads |	0.00%
