[2022-05-21 18:41:32,056] multiqc                                            [DEBUG  ]  This is MultiQC v1.12
[2022-05-21 18:41:32,057] multiqc                                            [DEBUG  ]  No MultiQC config found: /home/tfm20212-01/anaconda3/lib/python3.9/site-packages/multiqc_config.yaml
[2022-05-21 18:41:32,057] multiqc                                            [DEBUG  ]  No MultiQC config found: /home/tfm20212-01/.multiqc_config.yaml
[2022-05-21 18:41:32,057] multiqc                                            [DEBUG  ]  No MultiQC config found: multiqc_config.yaml
[2022-05-21 18:41:32,057] multiqc                                            [DEBUG  ]  Command used: /home/tfm20212-01/anaconda3/bin/multiqc .
[2022-05-21 18:41:32,402] multiqc                                            [DEBUG  ]  Latest MultiQC version is v1.12
[2022-05-21 18:41:32,402] multiqc                                            [DEBUG  ]  Command     : /home/tfm20212-01/anaconda3/bin/multiqc .
[2022-05-21 18:41:32,402] multiqc                                            [DEBUG  ]  Working dir : /home/tfm20212-01/Samples/FastQCresults
[2022-05-21 18:41:32,402] multiqc                                            [DEBUG  ]  Template    : default
[2022-05-21 18:41:32,402] multiqc                                            [DEBUG  ]  Running Python 3.9.7 (default, Sep 16 2021, 13:09:58)  [GCC 7.5.0]
[2022-05-21 18:41:32,402] multiqc                                            [DEBUG  ]  Analysing modules: custom_content, ccs, ngsderive, purple, conpair, lima, peddy, somalier, methylQA, mosdepth, phantompeakqualtools, qualimap, preseq, quast, qorts, rna_seqc, rockhopper, rsem, rseqc, busco, bustools, goleft_indexcov, gffcompare, disambiguate, supernova, deeptools, sargasso, verifybamid, mirtrace, happy, mirtop, sambamba, homer, hops, macs2, theta2, snpeff, gatk, htseq, bcftools, featureCounts, fgbio, dragen, dedup, pbmarkdup, damageprofiler, biobambam2, jcvi, mtnucratio, picard, vep, sentieon, prokka, qc3C, nanostat, samblaster, samtools, sexdeterrmine, eigenstratdatabasetools, bamtools, jellyfish, vcftools, longranger, stacks, varscan2, snippy, bbmap, bismark, biscuit, hicexplorer, hicup, hicpro, salmon, kallisto, slamdunk, star, hisat2, tophat, bowtie2, bowtie1, snpsplit, odgi, pangolin, kat, leehom, adapterRemoval, clipandmerge, cutadapt, flexbar, kaiju, kraken, malt, trimmomatic, sickle, skewer, sortmerna, biobloomtools, fastq_screen, afterqc, fastp, fastqc, pychopper, pycoqc, minionqc, multivcfanalyzer, clusterflow, checkqc, bcl2fastq, bclconvert, interop, ivar, flash, seqyclean, optitype, whatshap
[2022-05-21 18:41:32,402] multiqc                                            [DEBUG  ]  Using temporary directory for creating report: /tmp/tmpolvqtgxf
[2022-05-21 18:41:32,493] multiqc                                            [INFO   ]  Search path : /home/tfm20212-01/Samples/FastQCresults
[2022-05-21 18:41:32,606] multiqc                                            [DEBUG  ]  File ignored by ccs/v4 because it exceeded search pattern filesize limit: Lung_F3_fastqc.html
[2022-05-21 18:41:32,608] multiqc                                            [DEBUG  ]  File ignored by hicexplorer because it exceeded search pattern filesize limit: Lung_F3_fastqc.html
[2022-05-21 18:41:32,608] multiqc                                            [DEBUG  ]  File ignored by lima/summary because it exceeded search pattern filesize limit: Lung_F3_fastqc.html
[2022-05-21 18:41:32,611] multiqc                                            [DEBUG  ]  File ignored by vep/vep_txt because it exceeded search pattern filesize limit: Lung_F3_fastqc.html
[2022-05-21 18:41:32,611] multiqc                                            [DEBUG  ]  File ignored by longranger/invocation because it exceeded search pattern filesize limit: Lung_F3_fastqc.html
[2022-05-21 18:41:32,664] multiqc                                            [DEBUG  ]  File ignored by nanostat because it exceeded search pattern filesize limit: Lung_F3_fastqc.html
[2022-05-21 18:41:32,671] multiqc                                            [DEBUG  ]  File ignored by ccs/v4 because it exceeded search pattern filesize limit: Lung_M2_fastqc.html
[2022-05-21 18:41:32,672] multiqc                                            [DEBUG  ]  File ignored by hicexplorer because it exceeded search pattern filesize limit: Lung_M2_fastqc.html
[2022-05-21 18:41:32,672] multiqc                                            [DEBUG  ]  File ignored by lima/summary because it exceeded search pattern filesize limit: Lung_M2_fastqc.html
[2022-05-21 18:41:32,674] multiqc                                            [DEBUG  ]  File ignored by vep/vep_txt because it exceeded search pattern filesize limit: Lung_M2_fastqc.html
[2022-05-21 18:41:32,674] multiqc                                            [DEBUG  ]  File ignored by longranger/invocation because it exceeded search pattern filesize limit: Lung_M2_fastqc.html
[2022-05-21 18:41:32,719] multiqc                                            [DEBUG  ]  File ignored by nanostat because it exceeded search pattern filesize limit: Lung_M2_fastqc.html
[2022-05-21 18:41:32,725] multiqc                                            [DEBUG  ]  File ignored by ccs/v4 because it exceeded search pattern filesize limit: Lung_F2_fastqc.html
[2022-05-21 18:41:32,726] multiqc                                            [DEBUG  ]  File ignored by hicexplorer because it exceeded search pattern filesize limit: Lung_F2_fastqc.html
[2022-05-21 18:41:32,726] multiqc                                            [DEBUG  ]  File ignored by lima/summary because it exceeded search pattern filesize limit: Lung_F2_fastqc.html
[2022-05-21 18:41:32,727] multiqc                                            [DEBUG  ]  File ignored by vep/vep_txt because it exceeded search pattern filesize limit: Lung_F2_fastqc.html
[2022-05-21 18:41:32,727] multiqc                                            [DEBUG  ]  File ignored by longranger/invocation because it exceeded search pattern filesize limit: Lung_F2_fastqc.html
[2022-05-21 18:41:32,769] multiqc                                            [DEBUG  ]  File ignored by nanostat because it exceeded search pattern filesize limit: Lung_F2_fastqc.html
[2022-05-21 18:41:32,775] multiqc                                            [DEBUG  ]  File ignored by ccs/v4 because it exceeded search pattern filesize limit: Lung_M3_fastqc.html
[2022-05-21 18:41:32,776] multiqc                                            [DEBUG  ]  File ignored by hicexplorer because it exceeded search pattern filesize limit: Lung_M3_fastqc.html
[2022-05-21 18:41:32,776] multiqc                                            [DEBUG  ]  File ignored by lima/summary because it exceeded search pattern filesize limit: Lung_M3_fastqc.html
[2022-05-21 18:41:32,777] multiqc                                            [DEBUG  ]  File ignored by vep/vep_txt because it exceeded search pattern filesize limit: Lung_M3_fastqc.html
[2022-05-21 18:41:32,777] multiqc                                            [DEBUG  ]  File ignored by longranger/invocation because it exceeded search pattern filesize limit: Lung_M3_fastqc.html
[2022-05-21 18:41:32,823] multiqc                                            [DEBUG  ]  File ignored by nanostat because it exceeded search pattern filesize limit: Lung_M3_fastqc.html
[2022-05-21 18:41:32,830] multiqc                                            [DEBUG  ]  File ignored by ccs/v4 because it exceeded search pattern filesize limit: Lung_M1_fastqc.html
[2022-05-21 18:41:32,831] multiqc                                            [DEBUG  ]  File ignored by hicexplorer because it exceeded search pattern filesize limit: Lung_M1_fastqc.html
[2022-05-21 18:41:32,831] multiqc                                            [DEBUG  ]  File ignored by lima/summary because it exceeded search pattern filesize limit: Lung_M1_fastqc.html
[2022-05-21 18:41:32,833] multiqc                                            [DEBUG  ]  File ignored by vep/vep_txt because it exceeded search pattern filesize limit: Lung_M1_fastqc.html
[2022-05-21 18:41:32,833] multiqc                                            [DEBUG  ]  File ignored by longranger/invocation because it exceeded search pattern filesize limit: Lung_M1_fastqc.html
[2022-05-21 18:41:32,876] multiqc                                            [DEBUG  ]  File ignored by nanostat because it exceeded search pattern filesize limit: Lung_M1_fastqc.html
[2022-05-21 18:41:32,881] multiqc                                            [DEBUG  ]  File ignored by ccs/v4 because it exceeded search pattern filesize limit: Lung_F1_fastqc.html
[2022-05-21 18:41:32,882] multiqc                                            [DEBUG  ]  File ignored by hicexplorer because it exceeded search pattern filesize limit: Lung_F1_fastqc.html
[2022-05-21 18:41:32,882] multiqc                                            [DEBUG  ]  File ignored by lima/summary because it exceeded search pattern filesize limit: Lung_F1_fastqc.html
[2022-05-21 18:41:32,883] multiqc                                            [DEBUG  ]  File ignored by vep/vep_txt because it exceeded search pattern filesize limit: Lung_F1_fastqc.html
[2022-05-21 18:41:32,884] multiqc                                            [DEBUG  ]  File ignored by longranger/invocation because it exceeded search pattern filesize limit: Lung_F1_fastqc.html
[2022-05-21 18:41:32,928] multiqc                                            [DEBUG  ]  File ignored by nanostat because it exceeded search pattern filesize limit: Lung_F1_fastqc.html
[2022-05-21 18:41:34,759] multiqc.plots.linegraph                            [DEBUG  ]  Using matplotlib version 3.4.3
[2022-05-21 18:41:34,766] multiqc.plots.bargraph                             [DEBUG  ]  Using matplotlib version 3.4.3
[2022-05-21 18:41:35,041] multiqc.modules.fastqc.fastqc                      [INFO   ]  Found 6 reports
[2022-05-21 18:41:35,156] multiqc                                            [INFO   ]  Compressing plot data
[2022-05-21 18:41:35,268] multiqc                                            [INFO   ]  Report      : multiqc_report.html
[2022-05-21 18:41:35,268] multiqc                                            [INFO   ]  Data        : multiqc_data
[2022-05-21 18:41:35,268] multiqc                                            [DEBUG  ]  Moving data file from '/tmp/tmpolvqtgxf/multiqc_data' to '/home/tfm20212-01/Samples/FastQCresults/multiqc_data'
[2022-05-21 18:41:35,606] multiqc                                            [INFO   ]  MultiQC complete
