[2022-05-10 12:32:48,643] multiqc                                            [DEBUG  ]  This is MultiQC v1.12
[2022-05-10 12:32:48,643] multiqc                                            [DEBUG  ]  No MultiQC config found: /home/tfm20212-01/anaconda3/lib/python3.9/site-packages/multiqc_config.yaml
[2022-05-10 12:32:48,643] multiqc                                            [DEBUG  ]  No MultiQC config found: /home/tfm20212-01/.multiqc_config.yaml
[2022-05-10 12:32:48,643] multiqc                                            [DEBUG  ]  No MultiQC config found: multiqc_config.yaml
[2022-05-10 12:32:48,643] multiqc                                            [DEBUG  ]  Command used: /home/tfm20212-01/anaconda3/bin/multiqc .
[2022-05-10 12:32:49,018] multiqc                                            [DEBUG  ]  Latest MultiQC version is v1.12
[2022-05-10 12:32:49,018] multiqc                                            [DEBUG  ]  Command     : /home/tfm20212-01/anaconda3/bin/multiqc .
[2022-05-10 12:32:49,018] multiqc                                            [DEBUG  ]  Working dir : /home/tfm20212-01/Samples/FastQCresults
[2022-05-10 12:32:49,018] multiqc                                            [DEBUG  ]  Template    : default
[2022-05-10 12:32:49,018] multiqc                                            [DEBUG  ]  Running Python 3.9.7 (default, Sep 16 2021, 13:09:58)  [GCC 7.5.0]
[2022-05-10 12:32:49,018] multiqc                                            [DEBUG  ]  Analysing modules: custom_content, ccs, ngsderive, purple, conpair, lima, peddy, somalier, methylQA, mosdepth, phantompeakqualtools, qualimap, preseq, quast, qorts, rna_seqc, rockhopper, rsem, rseqc, busco, bustools, goleft_indexcov, gffcompare, disambiguate, supernova, deeptools, sargasso, verifybamid, mirtrace, happy, mirtop, sambamba, homer, hops, macs2, theta2, snpeff, gatk, htseq, bcftools, featureCounts, fgbio, dragen, dedup, pbmarkdup, damageprofiler, biobambam2, jcvi, mtnucratio, picard, vep, sentieon, prokka, qc3C, nanostat, samblaster, samtools, sexdeterrmine, eigenstratdatabasetools, bamtools, jellyfish, vcftools, longranger, stacks, varscan2, snippy, bbmap, bismark, biscuit, hicexplorer, hicup, hicpro, salmon, kallisto, slamdunk, star, hisat2, tophat, bowtie2, bowtie1, snpsplit, odgi, pangolin, kat, leehom, adapterRemoval, clipandmerge, cutadapt, flexbar, kaiju, kraken, malt, trimmomatic, sickle, skewer, sortmerna, biobloomtools, fastq_screen, afterqc, fastp, fastqc, pychopper, pycoqc, minionqc, multivcfanalyzer, clusterflow, checkqc, bcl2fastq, bclconvert, interop, ivar, flash, seqyclean, optitype, whatshap
[2022-05-10 12:32:49,019] multiqc                                            [DEBUG  ]  Using temporary directory for creating report: /tmp/tmpg84yx28d
[2022-05-10 12:32:49,100] multiqc                                            [INFO   ]  Search path : /home/tfm20212-01/Samples/FastQCresults
[2022-05-10 12:32:49,148] multiqc                                            [DEBUG  ]  File ignored by ccs/v4 because it exceeded search pattern filesize limit: Lung_F3_fastqc.html
[2022-05-10 12:32:49,149] multiqc                                            [DEBUG  ]  File ignored by hicexplorer because it exceeded search pattern filesize limit: Lung_F3_fastqc.html
[2022-05-10 12:32:49,149] multiqc                                            [DEBUG  ]  File ignored by lima/summary because it exceeded search pattern filesize limit: Lung_F3_fastqc.html
[2022-05-10 12:32:49,152] multiqc                                            [DEBUG  ]  File ignored by vep/vep_txt because it exceeded search pattern filesize limit: Lung_F3_fastqc.html
[2022-05-10 12:32:49,152] multiqc                                            [DEBUG  ]  File ignored by longranger/invocation because it exceeded search pattern filesize limit: Lung_F3_fastqc.html
[2022-05-10 12:32:49,197] multiqc                                            [DEBUG  ]  File ignored by nanostat because it exceeded search pattern filesize limit: Lung_F3_fastqc.html
[2022-05-10 12:32:49,242] multiqc                                            [DEBUG  ]  File ignored by ccs/v4 because it exceeded search pattern filesize limit: Lung_M2_fastqc.html
[2022-05-10 12:32:49,243] multiqc                                            [DEBUG  ]  File ignored by hicexplorer because it exceeded search pattern filesize limit: Lung_M2_fastqc.html
[2022-05-10 12:32:49,243] multiqc                                            [DEBUG  ]  File ignored by lima/summary because it exceeded search pattern filesize limit: Lung_M2_fastqc.html
[2022-05-10 12:32:49,244] multiqc                                            [DEBUG  ]  File ignored by vep/vep_txt because it exceeded search pattern filesize limit: Lung_M2_fastqc.html
[2022-05-10 12:32:49,244] multiqc                                            [DEBUG  ]  File ignored by longranger/invocation because it exceeded search pattern filesize limit: Lung_M2_fastqc.html
[2022-05-10 12:32:49,284] multiqc                                            [DEBUG  ]  File ignored by nanostat because it exceeded search pattern filesize limit: Lung_M2_fastqc.html
[2022-05-10 12:32:49,304] multiqc                                            [DEBUG  ]  File ignored by ccs/v4 because it exceeded search pattern filesize limit: Lung_F2_fastqc.html
[2022-05-10 12:32:49,304] multiqc                                            [DEBUG  ]  File ignored by hicexplorer because it exceeded search pattern filesize limit: Lung_F2_fastqc.html
[2022-05-10 12:32:49,305] multiqc                                            [DEBUG  ]  File ignored by lima/summary because it exceeded search pattern filesize limit: Lung_F2_fastqc.html
[2022-05-10 12:32:49,306] multiqc                                            [DEBUG  ]  File ignored by vep/vep_txt because it exceeded search pattern filesize limit: Lung_F2_fastqc.html
[2022-05-10 12:32:49,306] multiqc                                            [DEBUG  ]  File ignored by longranger/invocation because it exceeded search pattern filesize limit: Lung_F2_fastqc.html
[2022-05-10 12:32:49,345] multiqc                                            [DEBUG  ]  File ignored by nanostat because it exceeded search pattern filesize limit: Lung_F2_fastqc.html
[2022-05-10 12:32:49,367] multiqc                                            [DEBUG  ]  File ignored by ccs/v4 because it exceeded search pattern filesize limit: Lung_M3_fastqc.html
[2022-05-10 12:32:49,368] multiqc                                            [DEBUG  ]  File ignored by hicexplorer because it exceeded search pattern filesize limit: Lung_M3_fastqc.html
[2022-05-10 12:32:49,368] multiqc                                            [DEBUG  ]  File ignored by lima/summary because it exceeded search pattern filesize limit: Lung_M3_fastqc.html
[2022-05-10 12:32:49,369] multiqc                                            [DEBUG  ]  File ignored by vep/vep_txt because it exceeded search pattern filesize limit: Lung_M3_fastqc.html
[2022-05-10 12:32:49,370] multiqc                                            [DEBUG  ]  File ignored by longranger/invocation because it exceeded search pattern filesize limit: Lung_M3_fastqc.html
[2022-05-10 12:32:49,409] multiqc                                            [DEBUG  ]  File ignored by nanostat because it exceeded search pattern filesize limit: Lung_M3_fastqc.html
[2022-05-10 12:32:49,433] multiqc                                            [DEBUG  ]  File ignored by ccs/v4 because it exceeded search pattern filesize limit: Lung_M1_fastqc.html
[2022-05-10 12:32:49,433] multiqc                                            [DEBUG  ]  File ignored by hicexplorer because it exceeded search pattern filesize limit: Lung_M1_fastqc.html
[2022-05-10 12:32:49,434] multiqc                                            [DEBUG  ]  File ignored by lima/summary because it exceeded search pattern filesize limit: Lung_M1_fastqc.html
[2022-05-10 12:32:49,435] multiqc                                            [DEBUG  ]  File ignored by vep/vep_txt because it exceeded search pattern filesize limit: Lung_M1_fastqc.html
[2022-05-10 12:32:49,435] multiqc                                            [DEBUG  ]  File ignored by longranger/invocation because it exceeded search pattern filesize limit: Lung_M1_fastqc.html
[2022-05-10 12:32:49,475] multiqc                                            [DEBUG  ]  File ignored by nanostat because it exceeded search pattern filesize limit: Lung_M1_fastqc.html
[2022-05-10 12:32:49,480] multiqc                                            [DEBUG  ]  File ignored by ccs/v4 because it exceeded search pattern filesize limit: Lung_F1_fastqc.html
[2022-05-10 12:32:49,481] multiqc                                            [DEBUG  ]  File ignored by hicexplorer because it exceeded search pattern filesize limit: Lung_F1_fastqc.html
[2022-05-10 12:32:49,481] multiqc                                            [DEBUG  ]  File ignored by lima/summary because it exceeded search pattern filesize limit: Lung_F1_fastqc.html
[2022-05-10 12:32:49,482] multiqc                                            [DEBUG  ]  File ignored by vep/vep_txt because it exceeded search pattern filesize limit: Lung_F1_fastqc.html
[2022-05-10 12:32:49,483] multiqc                                            [DEBUG  ]  File ignored by longranger/invocation because it exceeded search pattern filesize limit: Lung_F1_fastqc.html
[2022-05-10 12:32:49,520] multiqc                                            [DEBUG  ]  File ignored by nanostat because it exceeded search pattern filesize limit: Lung_F1_fastqc.html
[2022-05-10 12:32:50,890] multiqc.plots.linegraph                            [DEBUG  ]  Using matplotlib version 3.4.3
[2022-05-10 12:32:50,890] multiqc.plots.bargraph                             [DEBUG  ]  Using matplotlib version 3.4.3
[2022-05-10 12:32:51,063] multiqc.modules.fastqc.fastqc                      [INFO   ]  Found 6 reports
[2022-05-10 12:32:51,168] multiqc                                            [INFO   ]  Compressing plot data
[2022-05-10 12:32:51,261] multiqc                                            [INFO   ]  Report      : multiqc_report.html
[2022-05-10 12:32:51,261] multiqc                                            [INFO   ]  Data        : multiqc_data
[2022-05-10 12:32:51,261] multiqc                                            [DEBUG  ]  Moving data file from '/tmp/tmpg84yx28d/multiqc_data' to '/home/tfm20212-01/Samples/FastQCresults/multiqc_data'
[2022-05-10 12:32:51,359] multiqc                                            [INFO   ]  MultiQC complete
