                                 Started job on |	Apr 28 19:51:15
                             Started mapping on |	Apr 28 19:51:36
                                    Finished on |	Apr 28 19:56:59
       Mapping speed, Million of reads per hour |	284.41

                          Number of input reads |	25518199
                      Average input read length |	37
                                    UNIQUE READS:
                   Uniquely mapped reads number |	16737106
                        Uniquely mapped reads % |	65.59%
                          Average mapped length |	36.53
                       Number of splices: Total |	0
            Number of splices: Annotated (sjdb) |	0
                       Number of splices: GT/AG |	0
                       Number of splices: GC/AG |	0
                       Number of splices: AT/AC |	0
               Number of splices: Non-canonical |	0
                      Mismatch rate per base, % |	0.04%
                         Deletion rate per base |	0.00%
                        Deletion average length |	1.00
                        Insertion rate per base |	0.00%
                       Insertion average length |	1.04
                             MULTI-MAPPING READS:
        Number of reads mapped to multiple loci |	7411893
             % of reads mapped to multiple loci |	29.05%
        Number of reads mapped to too many loci |	0
             % of reads mapped to too many loci |	0.00%
                                  UNMAPPED READS:
       % of reads unmapped: too many mismatches |	0.00%
                 % of reads unmapped: too short |	5.24%
                     % of reads unmapped: other |	0.13%
                                  CHIMERIC READS:
                       Number of chimeric reads |	0
                            % of chimeric reads |	0.00%
